<?xml version="1.0" encoding="UTF-8"?>
<!-- Generated by org.testng.reporters.JUnitXMLReporter -->
<testsuite hostname="LAPTOP-6QHL3RD4" ignored="1" name="GRP-test-group" tests="2" failures="0" timestamp="06 Jun 2019 04:25:32 GMT" time="0.028" errors="0">
  <testcase name="testMethodOne" time="0.007" classname="com.class03.TestGroup"/>
  <testcase name="testMethodThree" time="0.001" classname="com.class03.TestGroup"/>
  <testcase name="testMethodTwo" time="0.0" classname="com.class03.TestGroup">
    <ignored/>
  </testcase> <!-- testMethodTwo -->
</testsuite> <!-- GRP-test-group -->
