<?xml version="1.0" encoding="UTF-8"?>
<!-- Generated by org.testng.reporters.JUnitXMLReporter -->
<testsuite hostname="LAPTOP-6QHL3RD4" ignored="0" name="Basic Test Part-2" tests="6" failures="0" timestamp="06 Jun 2019 14:28:03 GMT" time="0.012" errors="0">
  <testcase name="testOneFromBasicOne" time="0.001" classname="com.class03.BasicXMLPartOne"/>
  <testcase name="testSecondFromBasic1" time="0.001" classname="com.class03.BasicXMLPartOne"/>
  <testcase name="testThirdFromBasic1" time="0.001" classname="com.class03.BasicXMLPartOne"/>
  <testcase name="testOneFromBasicTwo" time="0.0" classname="com.class03.BasicXMLPartTwo"/>
  <testcase name="testSecondFromBasicTwo" time="0.001" classname="com.class03.BasicXMLPartTwo"/>
  <testcase name="testThirdFromBasicTwo" time="0.001" classname="com.class03.BasicXMLPartTwo"/>
</testsuite> <!-- Basic Test Part-2 -->
