<?xml version="1.0" encoding="UTF-8"?>
<!-- Generated by org.testng.reporters.JUnitXMLReporter -->
<testsuite hostname="LAPTOP-6QHL3RD4" ignored="1" name="test" tests="3" failures="0" timestamp="06 Jun 2019 20:20:19 GMT" time="0.031" errors="0">
  <testcase name="One" time="0.016" classname="com.class03.MethodsExample"/>
  <testcase name="Three" time="0.0" classname="com.class03.MethodsExample"/>
  <testcase name="Two" time="0.0" classname="com.class03.MethodsExample"/>
  <testcase name="Four" time="0.0" classname="com.class03.MethodsExample">
    <ignored/>
  </testcase> <!-- Four -->
</testsuite> <!-- test -->
