<?xml version="1.0" encoding="UTF-8"?>
<!-- Generated by org.testng.reporters.JUnitXMLReporter -->
<testsuite hostname="LAPTOP-6QHL3RD4" ignored="2" name="Multiple Group Tests" tests="1" failures="0" timestamp="06 Jun 2019 05:03:05 GMT" time="0.024" errors="0">
  <testcase name="testMethodOne" time="0.006" classname="com.class03.MultiGroup"/>
  <testcase name="testMethodTwo" time="0.0" classname="com.class03.MultiGroup">
    <ignored/>
  </testcase> <!-- testMethodTwo -->
  <testcase name="testMethodThree" time="0.0" classname="com.class03.MultiGroup">
    <ignored/>
  </testcase> <!-- testMethodThree -->
</testsuite> <!-- Multiple Group Tests -->
