<?xml version="1.0" encoding="UTF-8"?>
<!-- Generated by org.testng.reporters.JUnitXMLReporter -->
<testsuite hostname="LAPTOP-6QHL3RD4" ignored="2" name="New Tour Test" tests="1" failures="0" timestamp="06 Jun 2019 23:45:18 GMT" time="10.288" errors="0">
  <testcase name="auserInformation" time="0.511" classname="com.class03.NewToursExample"/>
  <testcase name="mailingInformation" time="0.0" classname="com.class03.NewToursExample">
    <ignored/>
  </testcase> <!-- mailingInformation -->
  <testcase name="contactInformation" time="0.0" classname="com.class03.NewToursExample">
    <ignored/>
  </testcase> <!-- contactInformation -->
</testsuite> <!-- New Tour Test -->
