<?xml version="1.0" encoding="UTF-8"?>
<!-- Generated by org.testng.reporters.JUnitXMLReporter -->
<testsuite hostname="LAPTOP-6QHL3RD4" ignored="0" name="Group Test" tests="4" failures="0" timestamp="06 Jun 2019 15:55:09 GMT" time="0.047" errors="0">
  <testcase name="atwo" time="0.01" classname="com.class03.GroupsExample"/>
  <testcase name="four" time="0.002" classname="com.class03.GroupsExample"/>
  <testcase name="one" time="0.001" classname="com.class03.GroupsExample"/>
  <testcase name="three" time="0.001" classname="com.class03.GroupsExample"/>
</testsuite> <!-- Group Test -->
