<?xml version="1.0" encoding="UTF-8"?>
<!-- Generated by org.testng.reporters.JUnitXMLReporter -->
<testsuite hostname="LAPTOP-6QHL3RD4" ignored="2" name="Sprint-1" tests="4" failures="0" timestamp="06 Jun 2019 04:20:56 GMT" time="0.035" errors="0">
  <testcase name="testMethodOne" time="0.004" classname="com.class01.BeforeAndAfterMethod"/>
  <testcase name="testMethodTwo" time="0.001" classname="com.class01.BeforeAndAfterMethod"/>
  <testcase name="second" time="0.001" classname="com.class02.EnableAndDisable"/>
  <testcase name="fourth" time="0.001" classname="com.class02.EnableAndDisable"/>
  <testcase name="third" time="0.0" classname="com.class02.EnableAndDisable">
    <ignored/>
  </testcase> <!-- third -->
  <testcase name="first" time="0.0" classname="com.class02.EnableAndDisable">
    <ignored/>
  </testcase> <!-- first -->
</testsuite> <!-- Sprint-1 -->
